<?xml version="1.0" encoding="UTF-8"?>
<testsuite name="com.example.springbootgradledemo.SpringBootGradleDemoApplicationTests" tests="1" skipped="0" failures="0" errors="0" timestamp="2022-04-04T23:21:12" hostname="NOTE-CLOUDHK" time="1.964">
  <properties/>
  <testcase name="contextLoads()" classname="com.example.springbootgradledemo.SpringBootGradleDemoApplicationTests" time="1.964"/>
  <system-out><![CDATA[08:21:02.015 [Test worker] DEBUG org.springframework.test.context.BootstrapUtils - Instantiating CacheAwareContextLoaderDelegate from class [org.springframework.test.context.cache.DefaultCacheAwareContextLoaderDelegate]
08:21:02.097 [Test worker] DEBUG org.springframework.test.context.BootstrapUtils - Instantiating BootstrapContext using constructor [public org.springframework.test.context.support.DefaultBootstrapContext(java.lang.Class,org.springframework.test.context.CacheAwareContextLoaderDelegate)]
08:21:02.261 [Test worker] DEBUG org.springframework.test.context.BootstrapUtils - Instantiating TestContextBootstrapper for test class [com.example.springbootgradledemo.SpringBootGradleDemoApplicationTests] from class [org.springframework.boot.test.context.SpringBootTestContextBootstrapper]
08:21:02.334 [Test worker] INFO org.springframework.boot.test.context.SpringBootTestContextBootstrapper - Neither @ContextConfiguration nor @ContextHierarchy found for test class [com.example.springbootgradledemo.SpringBootGradleDemoApplicationTests], using SpringBootContextLoader
08:21:02.358 [Test worker] DEBUG org.springframework.test.context.support.AbstractContextLoader - Did not detect default resource location for test class [com.example.springbootgradledemo.SpringBootGradleDemoApplicationTests]: class path resource [com/example/springbootgradledemo/SpringBootGradleDemoApplicationTests-context.xml] does not exist
08:21:02.362 [Test worker] DEBUG org.springframework.test.context.support.AbstractContextLoader - Did not detect default resource location for test class [com.example.springbootgradledemo.SpringBootGradleDemoApplicationTests]: class path resource [com/example/springbootgradledemo/SpringBootGradleDemoApplicationTestsContext.groovy] does not exist
08:21:02.362 [Test worker] INFO org.springframework.test.context.support.AbstractContextLoader - Could not detect default resource locations for test class [com.example.springbootgradledemo.SpringBootGradleDemoApplicationTests]: no resource found for suffixes {-context.xml, Context.groovy}.
08:21:02.366 [Test worker] INFO org.springframework.test.context.support.AnnotationConfigContextLoaderUtils - Could not detect default configuration classes for test class [com.example.springbootgradledemo.SpringBootGradleDemoApplicationTests]: SpringBootGradleDemoApplicationTests does not declare any static, non-private, non-final, nested classes annotated with @Configuration.
08:21:02.609 [Test worker] DEBUG org.springframework.test.context.support.ActiveProfilesUtils - Could not find an 'annotation declaring class' for annotation type [org.springframework.test.context.ActiveProfiles] and class [com.example.springbootgradledemo.SpringBootGradleDemoApplicationTests]
08:21:03.010 [Test worker] DEBUG org.springframework.context.annotation.ClassPathScanningCandidateComponentProvider - Identified candidate component class: file [/mnt/d/workspace/docker-workspace/fastcampus/docker-usage/sonarqube-prj/app/build/classes/java/main/com/example/springbootgradledemo/SpringBootGradleDemoApplication.class]
08:21:03.017 [Test worker] INFO org.springframework.boot.test.context.SpringBootTestContextBootstrapper - Found @SpringBootConfiguration com.example.springbootgradledemo.SpringBootGradleDemoApplication for test class com.example.springbootgradledemo.SpringBootGradleDemoApplicationTests
08:21:03.585 [Test worker] DEBUG org.springframework.boot.test.context.SpringBootTestContextBootstrapper - @TestExecutionListeners is not present for class [com.example.springbootgradledemo.SpringBootGradleDemoApplicationTests]: using defaults.
08:21:03.588 [Test worker] INFO org.springframework.boot.test.context.SpringBootTestContextBootstrapper - Loaded default TestExecutionListener class names from location [META-INF/spring.factories]: [org.springframework.boot.test.autoconfigure.restdocs.RestDocsTestExecutionListener, org.springframework.boot.test.autoconfigure.web.client.MockRestServiceServerResetTestExecutionListener, org.springframework.boot.test.autoconfigure.web.servlet.MockMvcPrintOnlyOnFailureTestExecutionListener, org.springframework.boot.test.autoconfigure.web.servlet.WebDriverTestExecutionListener, org.springframework.boot.test.autoconfigure.webservices.client.MockWebServiceServerTestExecutionListener, org.springframework.boot.test.mock.mockito.MockitoTestExecutionListener, org.springframework.boot.test.mock.mockito.ResetMocksTestExecutionListener, org.springframework.test.context.web.ServletTestExecutionListener, org.springframework.test.context.support.DirtiesContextBeforeModesTestExecutionListener, org.springframework.test.context.event.ApplicationEventsTestExecutionListener, org.springframework.test.context.support.DependencyInjectionTestExecutionListener, org.springframework.test.context.support.DirtiesContextTestExecutionListener, org.springframework.test.context.transaction.TransactionalTestExecutionListener, org.springframework.test.context.jdbc.SqlScriptsTestExecutionListener, org.springframework.test.context.event.EventPublishingTestExecutionListener]
08:21:03.663 [Test worker] DEBUG org.springframework.boot.test.context.SpringBootTestContextBootstrapper - Skipping candidate TestExecutionListener [org.springframework.test.context.transaction.TransactionalTestExecutionListener] due to a missing dependency. Specify custom listener classes or make the default listener classes and their required dependencies available. Offending class: [org/springframework/transaction/interceptor/TransactionAttributeSource]
08:21:03.666 [Test worker] DEBUG org.springframework.boot.test.context.SpringBootTestContextBootstrapper - Skipping candidate TestExecutionListener [org.springframework.test.context.jdbc.SqlScriptsTestExecutionListener] due to a missing dependency. Specify custom listener classes or make the default listener classes and their required dependencies available. Offending class: [org/springframework/transaction/interceptor/TransactionAttribute]
08:21:03.666 [Test worker] INFO org.springframework.boot.test.context.SpringBootTestContextBootstrapper - Using TestExecutionListeners: [org.springframework.test.context.web.ServletTestExecutionListener@22adbfc8, org.springframework.test.context.support.DirtiesContextBeforeModesTestExecutionListener@23bf88d3, org.springframework.test.context.event.ApplicationEventsTestExecutionListener@4dd0700e, org.springframework.boot.test.mock.mockito.MockitoTestExecutionListener@10e9a545, org.springframework.boot.test.autoconfigure.SpringBootDependencyInjectionTestExecutionListener@5f751b6f, org.springframework.test.context.support.DirtiesContextTestExecutionListener@53f942, org.springframework.test.context.event.EventPublishingTestExecutionListener@4ecdb946, org.springframework.boot.test.autoconfigure.restdocs.RestDocsTestExecutionListener@13d3fe57, org.springframework.boot.test.autoconfigure.web.client.MockRestServiceServerResetTestExecutionListener@648a2121, org.springframework.boot.test.autoconfigure.web.servlet.MockMvcPrintOnlyOnFailureTestExecutionListener@7b0c5d1b, org.springframework.boot.test.autoconfigure.web.servlet.WebDriverTestExecutionListener@5828dcb5, org.springframework.boot.test.autoconfigure.webservices.client.MockWebServiceServerTestExecutionListener@5405b0a1, org.springframework.boot.test.mock.mockito.ResetMocksTestExecutionListener@61b31029]
08:21:03.692 [Test worker] DEBUG org.springframework.test.context.support.AbstractDirtiesContextTestExecutionListener - Before test class: context [DefaultTestContext@552b6b6c testClass = SpringBootGradleDemoApplicationTests, testInstance = [null], testMethod = [null], testException = [null], mergedContextConfiguration = [WebMergedContextConfiguration@288ff059 testClass = SpringBootGradleDemoApplicationTests, locations = '{}', classes = '{class com.example.springbootgradledemo.SpringBootGradleDemoApplication}', contextInitializerClasses = '[]', activeProfiles = '{}', propertySourceLocations = '{}', propertySourceProperties = '{org.springframework.boot.test.context.SpringBootTestContextBootstrapper=true}', contextCustomizers = set[org.springframework.boot.test.autoconfigure.actuate.metrics.MetricsExportContextCustomizerFactory$DisableMetricExportContextCustomizer@68a0c109, org.springframework.boot.test.autoconfigure.properties.PropertyMappingContextCustomizer@0, org.springframework.boot.test.autoconfigure.web.servlet.WebDriverContextCustomizerFactory$Customizer@44ca3416, org.springframework.boot.test.context.filter.ExcludeFilterContextCustomizer@70e23e15, org.springframework.boot.test.json.DuplicateJsonObjectContextCustomizerFactory$DuplicateJsonObjectContextCustomizer@1f64e9d1, org.springframework.boot.test.mock.mockito.MockitoContextCustomizer@0, org.springframework.boot.test.web.client.TestRestTemplateContextCustomizer@36cf621c, org.springframework.boot.test.context.SpringBootTestArgs@1, org.springframework.boot.test.context.SpringBootTestWebEnvironment@733b22f], resourceBasePath = 'src/main/webapp', contextLoader = 'org.springframework.boot.test.context.SpringBootContextLoader', parent = [null]], attributes = map['org.springframework.test.context.web.ServletTestExecutionListener.activateListener' -> true]], class annotated with @DirtiesContext [false] with mode [null].
08:21:03.880 [Test worker] DEBUG org.springframework.test.context.support.TestPropertySourceUtils - Adding inlined properties to environment: {spring.jmx.enabled=false, org.springframework.boot.test.context.SpringBootTestContextBootstrapper=true}

  .   ____          _            __ _ _
 /\\ / ___'_ __ _ _(_)_ __  __ _ \ \ \ \
( ( )\___ | '_ | '_| | '_ \/ _` | \ \ \ \
 \\/  ___)| |_)| | | | | || (_| |  ) ) ) )
  '  |____| .__|_| |_|_| |_\__, | / / / /
 =========|_|==============|___/=/_/_/_/
 :: Spring Boot ::                (v2.5.2)

2022-04-05 08:21:05.069  INFO 7749 --- [    Test worker] e.s.SpringBootGradleDemoApplicationTests : Starting SpringBootGradleDemoApplicationTests using Java 11.0.14.1 on NOTE-CLOUDHK with PID 7749 (started by hong in /mnt/d/workspace/docker-workspace/fastcampus/docker-usage/sonarqube-prj/app)
2022-04-05 08:21:05.072  INFO 7749 --- [    Test worker] e.s.SpringBootGradleDemoApplicationTests : No active profile set, falling back to default profiles: default
2022-04-05 08:21:12.138  INFO 7749 --- [    Test worker] e.s.SpringBootGradleDemoApplicationTests : Started SpringBootGradleDemoApplicationTests in 8.219 seconds (JVM running for 12.369)
]]></system-out>
  <system-err><![CDATA[]]></system-err>
</testsuite>
